<html>
<head>
<title>TestNG:  packagelevel</title>
<link href="../testng.css" rel="stylesheet" type="text/css" />
<link href="../my-testng.css" rel="stylesheet" type="text/css" />

<style type="text/css">
.log { display: none;} 
.stack-trace { display: none;} 
</style>
<script type="text/javascript">
<!--
function flip(e) {
  current = e.style.display;
  if (current == 'block') {
    e.style.display = 'none';
    return 0;
  }
  else {
    e.style.display = 'block';
    return 1;
  }
}

function toggleBox(szDivId, elem, msg1, msg2)
{
  var res = -1;  if (document.getElementById) {
    res = flip(document.getElementById(szDivId));
  }
  else if (document.all) {
    // this is the way old msie versions work
    res = flip(document.all[szDivId]);
  }
  if(elem) {
    if(res == 0) elem.innerHTML = msg1; else elem.innerHTML = msg2;
  }

}

function toggleAllBoxes() {
  if (document.getElementsByTagName) {
    d = document.getElementsByTagName('div');
    for (i = 0; i < d.length; i++) {
      if (d[i].className == 'log') {
        flip(d[i]);
      }
    }
  }
}

// -->
</script>

</head>
<body>
<h2 align='center'>packagelevel</h2><table border='1' align="center">
<tr>
<td>Tests passed/Failed/Skipped:</td><td>5/1/1</td>
</tr><tr>
<td>Started on:</td><td>Fri Sep 23 22:43:24 IST 2022</td>
</tr>
<tr><td>Total time:</td><td>0 seconds (172 ms)</td>
</tr><tr>
<td>Included groups:</td><td></td>
</tr><tr>
<td>Excluded groups:</td><td></td>
</tr>
</table><p/>
<small><i>(Hover the method name to see the test class name)</i></small><p/>
<table width='100%' border='1' class='invocation-failed'>
<tr><td colspan='4' align='center'><b>FAILED TESTS</b></td></tr>
<tr><td><b>Test method</b></td>
<td width="30%"><b>Exception</b></td>
<td width="10%"><b>Time (seconds)</b></td>
<td><b>Instance</b></td>
</tr>
<tr>
<td title='TestNGTutorial._02CarLoan.carLoanWebLogin()'><b>carLoanWebLogin</b><br>Test class: TestNGTutorial._02CarLoan</td>
<td><div><pre>java.lang.AssertionError: expected [true] but found [false]
	at TestNGTutorial._02CarLoan.carLoanWebLogin(_02CarLoan.java:16)
	at java.util.concurrent.ThreadPoolExecutor.runWorker(Unknown Source)
	at java.util.concurrent.ThreadPoolExecutor$Worker.run(Unknown Source)
	at java.lang.Thread.run(Unknown Source)
... Removed 16 stack frames</pre></div><a href='#' onClick='toggleBox("stack-trace908643456", this, "Click to show all stack frames", "Click to hide stack frames")'>Click to show all stack frames</a>
<div class='stack-trace' id='stack-trace908643456'><pre>java.lang.AssertionError: expected [true] but found [false]
	at org.testng.Assert.fail(Assert.java:110)
	at org.testng.Assert.failNotEquals(Assert.java:1413)
	at org.testng.Assert.assertTrue(Assert.java:56)
	at org.testng.Assert.assertTrue(Assert.java:66)
	at TestNGTutorial._02CarLoan.carLoanWebLogin(_02CarLoan.java:16)
	at sun.reflect.NativeMethodAccessorImpl.invoke0(Native Method)
	at sun.reflect.NativeMethodAccessorImpl.invoke(Unknown Source)
	at sun.reflect.DelegatingMethodAccessorImpl.invoke(Unknown Source)
	at java.lang.reflect.Method.invoke(Unknown Source)
	at org.testng.internal.invokers.MethodInvocationHelper.invokeMethod(MethodInvocationHelper.java:135)
	at org.testng.internal.invokers.TestInvoker.invokeMethod(TestInvoker.java:673)
	at org.testng.internal.invokers.TestInvoker.invokeTestMethod(TestInvoker.java:220)
	at org.testng.internal.invokers.MethodRunner.runInSequence(MethodRunner.java:50)
	at org.testng.internal.invokers.TestInvoker$MethodInvocationAgent.invoke(TestInvoker.java:945)
	at org.testng.internal.invokers.TestInvoker.invokeTestMethods(TestInvoker.java:193)
	at org.testng.internal.invokers.TestMethodWorker.invokeTestMethods(TestMethodWorker.java:146)
	at org.testng.internal.invokers.TestMethodWorker.run(TestMethodWorker.java:128)
	at java.util.concurrent.ThreadPoolExecutor.runWorker(Unknown Source)
	at java.util.concurrent.ThreadPoolExecutor$Worker.run(Unknown Source)
	at java.lang.Thread.run(Unknown Source)
</pre></div></td>
<td>0</td>
<td>TestNGTutorial._02CarLoan@2fd66ad3</td></tr>
</table><p>
<table width='100%' border='1' class='invocation-passed'>
<tr><td colspan='4' align='center'><b>PASSED TESTS</b></td></tr>
<tr><td><b>Test method</b></td>
<td width="30%"><b>Exception</b></td>
<td width="10%"><b>Time (seconds)</b></td>
<td><b>Instance</b></td>
</tr>
<tr>
<td title='TestNGTutorial._03HomeLoan.homeLoanWebLogin()'><b>homeLoanWebLogin</b><br>Test class: TestNGTutorial._03HomeLoan<br>Parameters: Bujji3, 789</td>
<td></td>
<td>0</td>
<td>TestNGTutorial._03HomeLoan@5d11346a</td></tr>
<tr>
<td title='TestNGTutorial._03HomeLoan.homeLoanMobileLogin()'><b>homeLoanMobileLogin</b><br>Test class: TestNGTutorial._03HomeLoan</td>
<td></td>
<td>0</td>
<td>TestNGTutorial._03HomeLoan@5d11346a</td></tr>
<tr>
<td title='TestNGTutorial._03HomeLoan.homeLoanWebLogin()'><b>homeLoanWebLogin</b><br>Test class: TestNGTutorial._03HomeLoan<br>Parameters: Bujjji2, 456</td>
<td></td>
<td>0</td>
<td>TestNGTutorial._03HomeLoan@5d11346a</td></tr>
<tr>
<td title='TestNGTutorial._03HomeLoan.homeLoanWebLogin()'><b>homeLoanWebLogin</b><br>Test class: TestNGTutorial._03HomeLoan<br>Parameters: Bujji1, 123</td>
<td></td>
<td>0</td>
<td>TestNGTutorial._03HomeLoan@5d11346a</td></tr>
<tr>
<td title='TestNGTutorial._01BikeLoan.bikeWebLogin()'><b>bikeWebLogin</b><br>Test class: TestNGTutorial._01BikeLoan<br>Parameters: suiteLevelURL.com</td>
<td></td>
<td>0</td>
<td>TestNGTutorial._01BikeLoan@727803de</td></tr>
</table><p>
<table width='100%' border='1' class='invocation-skipped'>
<tr><td colspan='4' align='center'><b>SKIPPED TESTS</b></td></tr>
<tr><td><b>Test method</b></td>
<td width="30%"><b>Exception</b></td>
<td width="10%"><b>Time (seconds)</b></td>
<td><b>Instance</b></td>
</tr>
<tr>
<td title='TestNGTutorial._02CarLoan.carLoanMobileLogin()'><b>carLoanMobileLogin</b><br>Test class: TestNGTutorial._02CarLoan</td>
<td><div><pre>java.lang.Throwable: Method TestNGTutorial._02CarLoan.carLoanMobileLogin() on instance TestNGTutorial._02CarLoan@2fd66ad3 depends on not successfully finished methods 
[TestNGTutorial._02CarLoan.carLoanWebLogin() on instance TestNGTutorial._02CarLoan@2fd66ad3]
	at java.util.concurrent.ThreadPoolExecutor.runWorker(Unknown Source)
	at java.util.concurrent.ThreadPoolExecutor$Worker.run(Unknown Source)
	at java.lang.Thread.run(Unknown Source)
... Removed 3 stack frames</pre></div><a href='#' onClick='toggleBox("stack-trace821959073", this, "Click to show all stack frames", "Click to hide stack frames")'>Click to show all stack frames</a>
<div class='stack-trace' id='stack-trace821959073'><pre>java.lang.Throwable: Method TestNGTutorial._02CarLoan.carLoanMobileLogin() on instance TestNGTutorial._02CarLoan@2fd66ad3 depends on not successfully finished methods 
[TestNGTutorial._02CarLoan.carLoanWebLogin() on instance TestNGTutorial._02CarLoan@2fd66ad3]
	at org.testng.internal.invokers.TestInvoker.invokeTestMethods(TestInvoker.java:149)
	at org.testng.internal.invokers.TestMethodWorker.invokeTestMethods(TestMethodWorker.java:146)
	at org.testng.internal.invokers.TestMethodWorker.run(TestMethodWorker.java:128)
	at java.util.concurrent.ThreadPoolExecutor.runWorker(Unknown Source)
	at java.util.concurrent.ThreadPoolExecutor$Worker.run(Unknown Source)
	at java.lang.Thread.run(Unknown Source)
</pre></div></td>
<td>0</td>
<td>TestNGTutorial._02CarLoan@2fd66ad3</td></tr>
</table><p>
</body>
</html>